<?xml version="1.0" encoding="UTF-8"?>
<!-- Generated by org.testng.reporters.JUnitReportReporter -->
<testsuite hostname="DarshTirtha" failures="0" tests="2" name="yevatiTestCase.GoogleHomeTest" time="3.331" errors="0" timestamp="17 Jun 2024 12:25:00 GMT">
  <testcase classname="yevatiTestCase.GoogleHomeTest" name="searchTest" time="1.679"/>
  <testcase classname="yevatiTestCase.GoogleHomeTest" name="searchTest" time="1.652"/>
</testsuite> <!-- yevatiTestCase.GoogleHomeTest -->
