<?xml version="1.0" encoding="UTF-8"?>
<!-- Generated by org.testng.reporters.JUnitReportReporter -->
<testsuite hostname="DarshTirtha" failures="0" tests="4" name="yevatiTestCase.GoogleResultTest" time="78.126" errors="0" timestamp="17 Jun 2024 12:25:00 GMT">
  <testcase classname="yevatiTestCase.GoogleResultTest" name="searchPageTest" time="18.819"/>
  <testcase classname="yevatiTestCase.GoogleResultTest" name="searchPageTest" time="20.334"/>
  <testcase classname="yevatiTestCase.GoogleResultTest" name="searchPageTest" time="18.714"/>
  <testcase classname="yevatiTestCase.GoogleResultTest" name="searchPageTest" time="20.259"/>
</testsuite> <!-- yevatiTestCase.GoogleResultTest -->
